<?xml version="1.0" encoding="UTF-8"?>
<!-- Generated by org.testng.reporters.JUnitReportReporter -->
<testsuite hostname="LAPTOP-O9J5C208" failures="0" tests="3" name="testcases.HomePageTest" time="55.073" errors="0" timestamp="2023-01-14T20:26:49 EST" skipped="0">
  <testcase classname="testcases.HomePageTest" name="verifyHomePageTitle" time="19.358"/>
  <system-out/>
  <testcase classname="testcases.HomePageTest" name="checkUserLabel" time="17.772"/>
  <system-out/>
  <testcase classname="testcases.HomePageTest" name="checkTrialLabel" time="17.943"/>
  <system-out/>
</testsuite> <!-- testcases.HomePageTest -->
