<?xml version="1.0" encoding="UTF-8"?>
<!-- Generated by org.testng.reporters.JUnitReportReporter -->
<testsuite hostname="LAPTOP-O9J5C208" failures="0" tests="5" name="testcases.LoginPageTest" time="93.567" errors="0" timestamp="2023-01-14T20:26:49 EST" skipped="0">
  <testcase classname="testcases.LoginPageTest" name="getLoginTitle" time="19.261"/>
  <system-out/>
  <testcase classname="testcases.LoginPageTest" name="loginWithoutEmail" time="19.196"/>
  <system-out/>
  <testcase classname="testcases.LoginPageTest" name="loginWithoutPassword" time="17.630"/>
  <system-out/>
  <testcase classname="testcases.LoginPageTest" name="loginWithoutEmailAndPassword" time="18.969"/>
  <system-out/>
  <testcase classname="testcases.LoginPageTest" name="loginWithCorrectEmailAndPassword" time="18.511"/>
  <system-out/>
</testsuite> <!-- testcases.LoginPageTest -->
